<?xml version="1.0" encoding="UTF-8"?>
<!-- Generated by org.testng.reporters.JUnitReportReporter -->
<testsuite hostname="DESKTOP-OTT9B6M" failures="0" tests="6" name="ASPIRE_TASK" time="19.573" errors="0" timestamp="2023-02-26T14:37:11 EEST" skipped="0">
  <testcase classname="ASPIRE_TASK" name="geturl" time="2.547"/>
  <system-out/>
  <testcase classname="ASPIRE_TASK" name="geturl" time="2.340"/>
  <system-out/>
  <testcase classname="ASPIRE_TASK" name="geturl" time="1.574"/>
  <system-out/>
  <testcase classname="ASPIRE_TASK" name="geturl" time="8.720"/>
  <system-out/>
  <testcase classname="ASPIRE_TASK" name="geturl" time="1.825"/>
  <system-out/>
  <testcase classname="ASPIRE_TASK" name="geturl" time="2.567"/>
  <system-out/>
</testsuite> <!-- ASPIRE_TASK -->
